TN:
SF:src\functions\posts-lambda\index.ts
FN:8,(anonymous_15)
FN:11,(anonymous_17)
FNF:2
FNH:2
FNDA:2,(anonymous_15)
FNDA:1,(anonymous_17)
DA:2,1
DA:3,1
DA:4,1
DA:5,1
DA:8,1
DA:11,1
DA:13,1
DA:14,1
DA:16,0
DA:19,1
DA:21,1
DA:23,1
LF:12
LH:11
BRF:0
BRH:0
end_of_record
TN:
SF:src\lib\authorizer\index.ts
FN:5,authorize
FN:12,(anonymous_14)
FN:22,checkIsAuthorized
FN:23,(anonymous_20)
FN:24,(anonymous_21)
FNF:5
FNH:5
FNDA:1,authorize
FNDA:2,(anonymous_14)
FNDA:2,checkIsAuthorized
FNDA:2,(anonymous_20)
FNDA:2,(anonymous_21)
DA:3,1
DA:5,1
DA:10,1
DA:12,1
DA:13,2
DA:14,2
DA:15,2
DA:16,1
DA:18,1
DA:23,2
DA:24,2
DA:25,2
DA:26,1
DA:28,1
LF:14
LH:14
BRDA:15,0,0,1
BRDA:15,0,1,1
BRDA:25,1,0,1
BRDA:25,1,1,1
BRF:4
BRH:4
end_of_record
TN:
SF:src\lib\logger\index.ts
FN:4,log
FN:7,(anonymous_1)
FNF:2
FNH:2
FNDA:1,log
FNDA:2,(anonymous_1)
DA:4,1
DA:5,1
DA:7,1
DA:8,2
DA:11,2
LF:5
LH:5
BRF:0
BRH:0
end_of_record
TN:
SF:src\lib\responses\index.ts
FN:3,makeErrorResponse
FN:17,makeSuccessResponse
FNF:2
FNH:2
FNDA:1,makeErrorResponse
FNDA:1,makeSuccessResponse
DA:3,1
DA:8,1
DA:9,0
DA:10,1
DA:11,0
DA:13,1
DA:17,1
DA:21,1
DA:22,1
DA:24,0
LF:10
LH:7
BRDA:8,0,0,0
BRDA:8,0,1,1
BRDA:10,1,0,0
BRDA:10,1,1,1
BRDA:21,2,0,1
BRDA:21,2,1,0
BRF:6
BRH:3
end_of_record
TN:
SF:src\mocks\mockposts.ts
FN:3,getPosts
FNF:1
FNH:1
FNDA:1,getPosts
DA:3,1
DA:4,1
LF:2
LH:2
BRF:0
BRH:0
end_of_record
